105.10.26 15:41 B F:\PC\Syn\ p-makesyn-aut --> tetralogie.irit.fr /users/u1/Install/Syn  p-makesyn-aut
105.10.26 15:41 B F:\PC\Syn\p-cs-syn --> tetralogie.irit.fr /users/u1/Install/Syn p-cs-syn
105.10.26 15:41 B F:\PC\Syn\p-makesyn --> tetralogie.irit.fr /users/u1/Install/Syn p-makesyn
105.10.26 15:41 B F:\PC\Syn\p-makesyn-aut --> tetralogie.irit.fr /users/u1/Install/Syn p-makesyn-aut
105.10.26 15:41 B F:\PC\Syn\p-mot-syn --> tetralogie.irit.fr /users/u1/Install/Syn p-mot-syn
105.10.26 15:41 B F:\PC\Syn\p-numero-syn --> tetralogie.irit.fr /users/u1/Install/Syn p-numero-syn
105.10.26 15:41 B F:\PC\Syn\p-ordre --> tetralogie.irit.fr /users/u1/Install/Syn p-ordre
105.10.26 15:41 B F:\PC\Syn\p-sed --> tetralogie.irit.fr /users/u1/Install/Syn p-sed
105.10.26 15:41 B F:\PC\Syn\p-sed-or --> tetralogie.irit.fr /users/u1/Install/Syn p-sed-or
105.10.26 15:41 B F:\PC\Syn\p-sed-aut --> tetralogie.irit.fr /users/u1/Install/Syn p-sed-aut
105.10.26 15:41 B F:\PC\Syn\p-sj-syn --> tetralogie.irit.fr /users/u1/Install/Syn p-sj-syn
105.10.26 15:41 B F:\PC\Syn\p-makesyn-au1 --> tetralogie.irit.fr /users/u1/Install/Syn p-makesyn-au1
105.10.26 15:41 B F:\PC\Syn\p-makesyn-au2 --> tetralogie.irit.fr /users/u1/Install/Syn p-makesyn-au2
105.10.26 15:41 B F:\PC\Syn\p-numero-syn-aut --> tetralogie.irit.fr /users/u1/Install/Syn p-numero-syn-aut
105.10.26 15:41 B F:\PC\Syn\p-ordre-aut --> tetralogie.irit.fr /users/u1/Install/Syn p-ordre-aut
105.10.26 15:41 B F:\PC\Syn\p-sed-au1 --> tetralogie.irit.fr /users/u1/Install/Syn p-sed-au1
105.10.26 15:41 B F:\PC\Syn\p-sed-au2 --> tetralogie.irit.fr /users/u1/Install/Syn p-sed-au2
105.10.26 15:41 B F:\PC\Syn\p-sed-old --> tetralogie.irit.fr /users/u1/Install/Syn p-sed-old
105.10.26 15:41 B F:\PC\Syn\p-sed-ad --> tetralogie.irit.fr /users/u1/Install/Syn p-sed-ad
105.10.26 15:41 B F:\PC\Syn\p-sed-vi --> tetralogie.irit.fr /users/u1/Install/Syn p-sed-vi
105.10.26 15:41 B F:\PC\Syn\p-makesyn-ad --> tetralogie.irit.fr /users/u1/Install/Syn p-makesyn-ad
105.10.26 15:41 B F:\PC\Syn\p-makesyn-mc --> tetralogie.irit.fr /users/u1/Install/Syn p-makesyn-mc
105.10.26 15:41 B F:\PC\Syn\p-sed-or% --> tetralogie.irit.fr /users/u1/Install/Syn p-sed-or%
105.10.26 15:41 B F:\PC\Syn\p-sed-original --> tetralogie.irit.fr /users/u1/Install/Syn p-sed-original
105.10.26 15:41 B F:\PC\Syn\or.sav --> tetralogie.irit.fr /users/u1/Install/Syn or.sav
105.10.26 15:41 B F:\PC\Syn\p-sedDE --> tetralogie.irit.fr /users/u1/Install/Syn p-sedDE
105.10.26 15:41 B F:\PC\Syn\GenererSyno.pl --> tetralogie.irit.fr /users/u1/Install/Syn GenererSyno.pl
105.10.26 15:41 B F:\PC\Syn\Commun.pl --> tetralogie.irit.fr /users/u1/Install/Syn Commun.pl
105.10.26 15:41 B F:\PC\Syn\p-sedURL --> tetralogie.irit.fr /users/u1/Install/Syn p-sedURL
