(mclheader
mcltype matrix 
dimensions 238x238
)
(mclmatrix
begin
0    16:1.0 19:1.0 51:1.0 17:1.0 15:1.0 49:1.0 71:1.0 82:1.0 14:1.0 60:1.0 92:1.0 150:1.0 179:1.0 174:1.0 232:1.0 24:2.0 42:2.0 8:2.0 40:2.0 27:2.0 39:2.0 44:2.0 132:2.0 95:2.0 139:2.0 129:2.0 170:2.0 173:2.0 203:2.0 164:2.0 202:2.0 201:2.0 231:2.0 208:2.0 200:2.0 18:3.0 43:3.0 65:3.0 167:3.0 26:3.0 25:3.0 171:3.0 74:3.0 136:3.0 137:3.0 130:3.0 5:4.0 63:4.0 28:4.0 72:4.0 94:4.0 127:4.0 125:4.0 122:4.0 199:4.0 124:4.0 9:5.0 91:5.0 22:6.0 54:6.0 2:7.0 89:7.0 90:7.0 73:8.0 64:8.0 118:10.0 86:10.0 21:11.0 13:19.0 4:20.0 7:22.0 50:27.0 3:30.0 12:38.0 $
1    98:1.0 28:1.0 195:1.0 196:1.0 230:1.0 65:2.0 62:2.0 165:2.0 151:2.0 192:2.0 112:2.0 111:2.0 104:2.0 162:2.0 224:2.0 159:2.0 145:2.0 153:2.0 225:2.0 146:2.0 160:2.0 154:2.0 226:2.0 110:3.0 155:3.0 105:3.0 149:3.0 214:3.0 213:3.0 9:4.0 103:4.0 158:4.0 75:4.0 120:5.0 138:5.0 106:6.0 77:7.0 69:8.0 84:8.0 168:8.0 163:8.0 43:9.0 47:9.0 59:10.0 4:11.0 101:11.0 83:11.0 56:12.0 41:12.0 58:16.0 11:22.0 48:22.0 55:25.0 6:25.0 23:25.0 $
2    24:1.0 13:1.0 54:1.0 95:1.0 185:1.0 148:1.0 222:1.0 198:1.0 12:2.0 7:2.0 141:2.0 60:2.0 186:2.0 220:2.0 236:2.0 181:3.0 205:3.0 218:3.0 219:3.0 183:4.0 3:5.0 79:5.0 80:5.0 82:6.0 178:6.0 215:6.0 0:7.0 78:7.0 143:7.0 69:7.0 180:7.0 177:7.0 216:8.0 68:9.0 142:9.0 5:10.0 66:10.0 98:11.0 99:11.0 28:11.0 176:12.0 41:12.0 67:16.0 10:17.0 57:17.0 4:18.0 51:21.0 19:54.0 16:60.0 $
3    19:1.0 24:1.0 5:1.0 63:1.0 17:1.0 52:1.0 82:1.0 8:1.0 40:1.0 27:1.0 14:1.0 94:1.0 86:1.0 44:1.0 60:1.0 74:1.0 76:1.0 81:1.0 7:2.0 13:2.0 18:2.0 20:2.0 26:2.0 25:2.0 39:2.0 123:2.0 202:2.0 12:3.0 22:3.0 50:4.0 15:4.0 2:5.0 21:5.0 89:5.0 4:6.0 54:6.0 169:6.0 9:8.0 119:9.0 121:9.0 10:11.0 88:11.0 0:30.0 $
4    28:1.0 57:1.0 41:1.0 101:1.0 70:1.0 177:1.0 90:1.0 123:1.0 74:1.0 173:1.0 196:1.0 17:2.0 142:2.0 91:2.0 96:2.0 170:2.0 5:3.0 50:3.0 51:3.0 63:3.0 15:3.0 53:3.0 20:4.0 16:5.0 13:5.0 73:5.0 19:6.0 3:6.0 55:6.0 12:7.0 7:7.0 1:11.0 24:15.0 9:16.0 10:17.0 2:18.0 0:20.0 $
5    16:1.0 3:1.0 51:1.0 15:1.0 47:1.0 76:1.0 10:2.0 12:2.0 95:2.0 102:2.0 108:2.0 206:2.0 4:3.0 17:3.0 135:3.0 0:4.0 114:4.0 113:5.0 115:6.0 61:6.0 70:6.0 116:6.0 52:7.0 152:7.0 18:8.0 2:10.0 24:10.0 107:10.0 109:10.0 45:17.0 29:19.0 9:25.0 $
6    42:1.0 59:1.0 23:2.0 48:2.0 14:2.0 35:2.0 38:2.0 36:2.0 33:2.0 30:2.0 32:2.0 37:2.0 34:2.0 31:2.0 62:2.0 162:2.0 161:2.0 187:2.0 8:3.0 55:4.0 9:5.0 56:7.0 43:9.0 77:9.0 1:25.0 11:27.0 $
7    170:1.0 212:1.0 229:1.0 2:2.0 9:2.0 3:2.0 54:2.0 123:2.0 134:2.0 144:2.0 172:2.0 209:2.0 217:2.0 210:2.0 211:2.0 207:3.0 92:3.0 73:4.0 204:5.0 46:6.0 4:7.0 87:11.0 166:13.0 63:14.0 12:16.0 42:18.0 71:19.0 0:22.0 $
8    3:1.0 13:1.0 28:1.0 22:1.0 27:1.0 39:1.0 0:2.0 18:2.0 21:2.0 11:2.0 26:2.0 25:2.0 40:2.0 14:2.0 35:2.0 38:2.0 36:2.0 33:2.0 30:2.0 32:2.0 37:2.0 34:2.0 31:2.0 6:3.0 $
9    19:1.0 12:1.0 47:1.0 7:2.0 29:2.0 45:2.0 76:2.0 171:3.0 17:4.0 20:4.0 22:4.0 1:4.0 0:5.0 6:5.0 11:5.0 152:5.0 123:5.0 115:6.0 70:6.0 52:7.0 3:8.0 4:16.0 10:18.0 5:25.0 24:28.0 $
10    78:1.0 52:1.0 70:1.0 80:1.0 76:1.0 148:1.0 5:2.0 68:2.0 96:2.0 185:2.0 16:3.0 205:3.0 17:4.0 79:4.0 19:6.0 20:6.0 121:6.0 169:6.0 66:8.0 3:11.0 24:14.0 2:17.0 4:17.0 9:18.0 $
11    42:1.0 23:2.0 48:2.0 8:2.0 14:2.0 35:2.0 38:2.0 36:2.0 33:2.0 30:2.0 32:2.0 37:2.0 34:2.0 31:2.0 62:2.0 55:4.0 9:5.0 56:7.0 43:13.0 77:13.0 1:22.0 6:27.0 $
12    9:1.0 50:1.0 51:1.0 22:1.0 54:1.0 89:1.0 90:1.0 74:1.0 95:1.0 2:2.0 5:2.0 3:3.0 63:3.0 126:3.0 133:3.0 140:3.0 199:4.0 73:5.0 4:7.0 167:7.0 72:11.0 7:16.0 0:38.0 $
13    2:1.0 19:1.0 73:1.0 18:1.0 99:1.0 57:1.0 8:1.0 26:1.0 25:1.0 40:1.0 27:1.0 74:1.0 3:2.0 139:2.0 129:2.0 173:2.0 28:3.0 94:3.0 127:4.0 91:4.0 4:5.0 21:6.0 0:19.0 $
14    0:1.0 3:1.0 18:1.0 21:1.0 22:1.0 26:1.0 25:1.0 27:1.0 39:1.0 44:1.0 6:2.0 11:2.0 8:2.0 35:2.0 38:2.0 36:2.0 33:2.0 30:2.0 32:2.0 37:2.0 34:2.0 31:2.0 $
15    5:1.0 0:1.0 81:1.0 150:1.0 29:2.0 4:3.0 61:3.0 100:3.0 97:3.0 131:3.0 3:4.0 88:4.0 119:4.0 53:5.0 128:5.0 85:6.0 93:6.0 117:7.0 49:16.0 20:56.0 17:61.0 $
16    5:1.0 0:1.0 80:1.0 60:1.0 220:1.0 19:2.0 79:2.0 222:2.0 227:2.0 221:2.0 10:3.0 182:3.0 181:4.0 4:5.0 46:7.0 178:7.0 143:9.0 78:10.0 141:13.0 68:15.0 67:19.0 2:60.0 $
17    0:1.0 3:1.0 150:1.0 4:2.0 45:2.0 18:2.0 97:2.0 5:3.0 29:3.0 100:3.0 10:4.0 9:4.0 128:5.0 93:6.0 53:7.0 85:8.0 117:10.0 49:20.0 15:61.0 20:76.0 $
18    13:1.0 28:1.0 14:1.0 113:1.0 44:1.0 3:2.0 17:2.0 22:2.0 8:2.0 40:2.0 27:2.0 39:2.0 0:3.0 29:3.0 21:3.0 26:3.0 25:3.0 45:7.0 5:8.0 $
19    9:1.0 0:1.0 3:1.0 13:1.0 60:1.0 148:1.0 16:2.0 68:2.0 20:2.0 96:2.0 186:2.0 4:6.0 10:6.0 79:6.0 215:7.0 98:11.0 99:11.0 176:13.0 2:54.0 $
20    19:2.0 3:2.0 81:2.0 100:3.0 96:3.0 97:3.0 4:4.0 9:4.0 93:5.0 128:5.0 10:6.0 53:8.0 85:8.0 117:10.0 49:19.0 15:56.0 17:76.0 $
21    28:1.0 14:1.0 44:1.0 43:2.0 65:2.0 8:2.0 40:2.0 27:2.0 39:2.0 18:3.0 22:3.0 26:3.0 25:3.0 94:4.0 127:4.0 3:5.0 13:6.0 0:11.0 $
22    12:1.0 8:1.0 40:1.0 27:1.0 14:1.0 44:1.0 18:2.0 26:2.0 25:2.0 39:2.0 3:3.0 21:3.0 171:3.0 9:4.0 0:6.0 $
23    56:1.0 6:2.0 11:2.0 192:2.0 193:2.0 59:3.0 103:3.0 155:3.0 105:3.0 48:4.0 47:4.0 189:4.0 58:8.0 1:25.0 $
24    2:1.0 3:1.0 47:1.0 52:1.0 70:1.0 76:1.0 201:1.0 0:2.0 29:2.0 45:2.0 5:10.0 10:14.0 4:15.0 9:28.0 $
25    13:1.0 28:1.0 14:1.0 44:1.0 3:2.0 22:2.0 8:2.0 40:2.0 27:2.0 39:2.0 0:3.0 18:3.0 21:3.0 26:3.0 $
26    13:1.0 28:1.0 14:1.0 44:1.0 3:2.0 22:2.0 8:2.0 40:2.0 27:2.0 39:2.0 0:3.0 18:3.0 21:3.0 25:3.0 $
27    3:1.0 13:1.0 28:1.0 22:1.0 8:1.0 40:1.0 39:1.0 14:1.0 44:1.0 0:2.0 18:2.0 21:2.0 26:2.0 25:2.0 $
28    4:1.0 18:1.0 21:1.0 49:1.0 1:1.0 8:1.0 26:1.0 25:1.0 40:1.0 27:1.0 13:3.0 0:4.0 2:11.0 57:11.0 $
29    131:1.0 9:2.0 24:2.0 45:2.0 15:2.0 102:2.0 108:2.0 18:3.0 17:3.0 61:7.0 5:19.0 $
30    6:2.0 11:2.0 8:2.0 14:2.0 35:2.0 38:2.0 36:2.0 33:2.0 32:2.0 37:2.0 34:2.0 31:2.0 $
31    6:2.0 11:2.0 8:2.0 14:2.0 35:2.0 38:2.0 36:2.0 33:2.0 30:2.0 32:2.0 37:2.0 34:2.0 $
32    6:2.0 11:2.0 8:2.0 14:2.0 35:2.0 38:2.0 36:2.0 33:2.0 30:2.0 37:2.0 34:2.0 31:2.0 $
33    6:2.0 11:2.0 8:2.0 14:2.0 35:2.0 38:2.0 36:2.0 30:2.0 32:2.0 37:2.0 34:2.0 31:2.0 $
34    6:2.0 11:2.0 8:2.0 14:2.0 35:2.0 38:2.0 36:2.0 33:2.0 30:2.0 32:2.0 37:2.0 31:2.0 $
35    6:2.0 11:2.0 8:2.0 14:2.0 38:2.0 36:2.0 33:2.0 30:2.0 32:2.0 37:2.0 34:2.0 31:2.0 $
36    6:2.0 11:2.0 8:2.0 14:2.0 35:2.0 38:2.0 33:2.0 30:2.0 32:2.0 37:2.0 34:2.0 31:2.0 $
37    6:2.0 11:2.0 8:2.0 14:2.0 35:2.0 38:2.0 36:2.0 33:2.0 30:2.0 32:2.0 34:2.0 31:2.0 $
38    6:2.0 11:2.0 8:2.0 14:2.0 35:2.0 36:2.0 33:2.0 30:2.0 32:2.0 37:2.0 34:2.0 31:2.0 $
39    8:1.0 40:1.0 27:1.0 14:1.0 44:1.0 0:2.0 3:2.0 18:2.0 21:2.0 22:2.0 26:2.0 25:2.0 $
40    3:1.0 13:1.0 28:1.0 22:1.0 27:1.0 39:1.0 0:2.0 18:2.0 21:2.0 8:2.0 26:2.0 25:2.0 $
41    4:1.0 142:1.0 198:1.0 80:3.0 110:3.0 57:4.0 82:6.0 106:6.0 69:8.0 2:12.0 1:12.0 $
42    46:1.0 6:1.0 11:1.0 43:1.0 77:1.0 0:2.0 134:2.0 144:2.0 172:2.0 87:11.0 7:18.0 $
43    42:1.0 21:2.0 191:2.0 0:3.0 175:6.0 1:9.0 6:9.0 11:13.0 77:13.0 65:21.0 $
44    3:1.0 18:1.0 21:1.0 22:1.0 26:1.0 25:1.0 27:1.0 39:1.0 14:1.0 92:1.0 0:2.0 $
45    9:2.0 24:2.0 29:2.0 17:2.0 135:3.0 114:4.0 113:6.0 18:7.0 5:17.0 $
46    42:1.0 178:1.0 229:1.0 228:2.0 223:2.0 182:3.0 68:5.0 7:6.0 71:6.0 16:7.0 $
47    9:1.0 24:1.0 5:1.0 59:2.0 194:2.0 197:2.0 23:4.0 58:7.0 1:9.0 $
48    56:1.0 84:1.0 6:2.0 11:2.0 58:2.0 59:2.0 23:4.0 83:4.0 1:22.0 $
49    0:1.0 28:1.0 93:1.0 53:2.0 100:3.0 15:16.0 20:19.0 17:20.0 $
50    12:1.0 89:2.0 132:2.0 4:3.0 73:3.0 3:4.0 122:4.0 118:10.0 0:27.0 $
51    5:1.0 0:1.0 12:1.0 95:1.0 4:3.0 183:4.0 177:6.0 180:7.0 2:21.0 $
52    10:1.0 24:1.0 3:1.0 76:1.0 115:6.0 9:7.0 5:7.0 $
53    97:1.0 49:2.0 85:2.0 4:3.0 15:5.0 17:7.0 20:8.0 $
54    2:1.0 12:1.0 63:1.0 89:1.0 60:1.0 7:2.0 0:6.0 3:6.0 $
55    151:2.0 6:4.0 11:4.0 4:6.0 56:7.0 101:14.0 1:25.0 $
56    23:1.0 48:1.0 83:1.0 55:7.0 6:7.0 11:7.0 1:12.0 $
57    4:1.0 13:1.0 82:1.0 142:1.0 80:2.0 41:4.0 28:11.0 2:17.0 $
58    103:1.0 105:1.0 48:2.0 59:7.0 47:7.0 23:8.0 1:16.0 $
59    6:1.0 105:1.0 48:2.0 47:2.0 23:3.0 58:7.0 1:10.0 $
60    16:1.0 19:1.0 67:1.0 0:1.0 3:1.0 78:1.0 54:1.0 2:2.0 $
61    102:2.0 108:2.0 15:3.0 131:3.0 5:6.0 29:7.0 $
62    1:2.0 6:2.0 11:2.0 157:2.0 156:2.0 147:2.0 $
63    3:1.0 54:1.0 235:2.0 4:3.0 12:3.0 0:4.0 7:14.0 $
64    164:1.0 179:1.0 174:1.0 203:2.0 86:3.0 125:4.0 0:8.0 $
65    191:1.0 21:2.0 1:2.0 175:2.0 0:3.0 43:21.0 $
66    148:1.0 185:2.0 184:2.0 188:2.0 190:2.0 10:8.0 2:10.0 $
67    78:1.0 60:1.0 143:2.0 141:2.0 181:4.0 2:16.0 16:19.0 $
68    19:2.0 10:2.0 79:2.0 182:3.0 46:5.0 2:9.0 16:15.0 $
69    106:3.0 110:3.0 2:7.0 216:7.0 1:8.0 41:8.0 $
70    4:1.0 10:1.0 24:1.0 9:6.0 5:6.0 $
71    0:1.0 204:2.0 212:2.0 166:3.0 46:6.0 7:19.0 $
72    133:3.0 140:3.0 0:4.0 126:4.0 167:6.0 12:11.0 $
73    13:1.0 50:3.0 7:4.0 4:5.0 12:5.0 0:8.0 $
74    4:1.0 3:1.0 12:1.0 13:1.0 90:1.0 0:3.0 $
75    195:1.0 112:2.0 111:2.0 104:2.0 1:4.0 $
76    10:1.0 24:1.0 5:1.0 3:1.0 52:1.0 9:2.0 $
77    42:1.0 1:7.0 6:9.0 11:13.0 43:13.0 $
78    67:1.0 10:1.0 80:1.0 60:1.0 2:7.0 16:10.0 $
79    16:2.0 68:2.0 99:2.0 10:4.0 2:5.0 19:6.0 $
80    16:1.0 10:1.0 78:1.0 57:2.0 41:3.0 2:5.0 $
81    3:1.0 15:1.0 88:1.0 119:1.0 20:2.0 $
82    0:1.0 3:1.0 57:1.0 2:6.0 41:6.0 $
83    98:1.0 56:1.0 84:1.0 48:4.0 1:11.0 $
84    48:1.0 83:1.0 165:2.0 158:3.0 1:8.0 $
85    53:2.0 15:6.0 17:8.0 20:8.0 $
86    3:1.0 90:1.0 64:3.0 125:3.0 0:10.0 $
87    172:1.0 134:2.0 144:2.0 7:11.0 42:11.0 $
88    81:1.0 121:3.0 15:4.0 119:8.0 3:11.0 $
89    12:1.0 54:1.0 50:2.0 3:5.0 0:7.0 $
90    4:1.0 12:1.0 86:1.0 74:1.0 0:7.0 $
91    4:2.0 139:2.0 129:2.0 13:4.0 0:5.0 $
92    0:1.0 44:1.0 7:3.0 234:3.0 233:8.0 $
93    49:1.0 20:5.0 17:6.0 15:6.0 $
94    3:1.0 13:3.0 127:3.0 0:4.0 21:4.0 $
95    2:1.0 12:1.0 51:1.0 5:2.0 0:2.0 $
96    19:2.0 4:2.0 10:2.0 20:3.0 $
97    53:1.0 17:2.0 20:3.0 15:3.0 $
98    176:1.0 1:1.0 83:1.0 2:11.0 19:11.0 $
99    13:1.0 79:2.0 186:2.0 2:11.0 19:11.0 $
100    17:3.0 20:3.0 15:3.0 49:3.0 $
101    4:1.0 151:1.0 1:11.0 55:14.0 $
102    5:2.0 29:2.0 61:2.0 108:2.0 $
103    58:1.0 23:3.0 155:3.0 1:4.0 $
104    1:2.0 75:2.0 112:2.0 111:2.0 $
105    58:1.0 59:1.0 1:3.0 23:3.0 $
106    69:3.0 110:3.0 1:6.0 41:6.0 $
107    116:6.0 5:10.0 109:10.0 $
108    5:2.0 29:2.0 61:2.0 102:2.0 $
109    116:6.0 5:10.0 107:10.0 $
110    1:3.0 41:3.0 69:3.0 106:3.0 $
111    1:2.0 75:2.0 112:2.0 104:2.0 $
112    1:2.0 75:2.0 111:2.0 104:2.0 $
113    18:1.0 5:5.0 45:6.0 $
114    5:4.0 45:4.0 135:4.0 $
115    9:6.0 5:6.0 52:6.0 $
116    5:6.0 107:6.0 109:6.0 $
117    15:7.0 17:10.0 20:10.0 $
118    122:2.0 132:2.0 0:10.0 50:10.0 $
119    81:1.0 15:4.0 88:8.0 3:9.0 $
120    149:3.0 1:5.0 138:5.0 $
121    88:3.0 10:6.0 169:6.0 3:9.0 $
122    118:2.0 132:2.0 0:4.0 50:4.0 $
123    4:1.0 3:2.0 7:2.0 9:5.0 $
124    136:3.0 137:3.0 130:3.0 0:4.0 $
125    164:1.0 86:3.0 0:4.0 64:4.0 $
126    12:3.0 133:3.0 140:3.0 72:4.0 $
127    94:3.0 0:4.0 13:4.0 21:4.0 $
128    17:5.0 20:5.0 15:5.0 $
129    0:2.0 13:2.0 91:2.0 139:2.0 $
130    0:3.0 124:3.0 136:3.0 137:3.0 $
131    29:1.0 15:3.0 61:3.0 $
132    0:2.0 50:2.0 118:2.0 122:2.0 $
133    12:3.0 72:3.0 126:3.0 140:3.0 $
134    7:2.0 42:2.0 87:2.0 144:2.0 $
135    5:3.0 45:3.0 114:4.0 $
136    0:3.0 124:3.0 137:3.0 130:3.0 $
137    0:3.0 124:3.0 136:3.0 130:3.0 $
138    149:3.0 1:5.0 120:5.0 $
139    0:2.0 13:2.0 91:2.0 129:2.0 $
140    12:3.0 72:3.0 126:3.0 133:3.0 $
141    143:1.0 2:2.0 67:2.0 16:13.0 $
142    57:1.0 41:1.0 4:2.0 2:9.0 $
143    141:1.0 67:2.0 2:7.0 16:9.0 $
144    7:2.0 42:2.0 87:2.0 134:2.0 $
145    1:2.0 159:2.0 153:2.0 $
146    1:2.0 160:2.0 154:2.0 $
147    62:2.0 157:2.0 156:2.0 $
148    2:1.0 19:1.0 10:1.0 66:1.0 $
149    1:3.0 120:3.0 138:3.0 $
150    0:1.0 17:1.0 15:1.0 $
151    101:1.0 1:2.0 55:2.0 $
152    9:5.0 5:7.0 $
153    1:2.0 159:2.0 145:2.0 $
154    1:2.0 146:2.0 160:2.0 $
155    1:3.0 23:3.0 103:3.0 $
156    62:2.0 157:2.0 147:2.0 $
157    62:2.0 156:2.0 147:2.0 $
158    165:2.0 84:3.0 1:4.0 $
159    1:2.0 145:2.0 153:2.0 $
160    1:2.0 146:2.0 154:2.0 $
161    6:2.0 187:2.0 $
162    1:2.0 6:2.0 $
163    1:8.0 168:8.0 $
164    64:1.0 125:1.0 0:2.0 $
165    1:2.0 84:2.0 158:2.0 $
166    71:3.0 207:3.0 7:13.0 $
167    0:3.0 72:6.0 12:7.0 $
168    1:8.0 163:8.0 $
169    10:6.0 3:6.0 121:6.0 $
170    7:1.0 4:2.0 0:2.0 $
171    9:3.0 0:3.0 22:3.0 $
172    87:1.0 7:2.0 42:2.0 $
173    4:1.0 0:2.0 13:2.0 $
174    0:1.0 64:1.0 179:2.0 $
175    65:2.0 43:6.0 $
176    98:1.0 2:12.0 19:13.0 $
177    4:1.0 51:6.0 2:7.0 $
178    46:1.0 2:6.0 16:7.0 $
179    0:1.0 64:1.0 174:2.0 $
180    183:4.0 2:7.0 51:7.0 $
181    2:3.0 16:4.0 67:4.0 $
182    16:3.0 68:3.0 46:3.0 $
183    2:4.0 51:4.0 180:4.0 $
184    66:2.0 188:2.0 190:2.0 $
185    2:1.0 10:2.0 66:2.0 $
186    2:2.0 19:2.0 99:2.0 $
187    6:2.0 161:2.0 $
188    66:2.0 184:2.0 190:2.0 $
189    193:1.0 23:4.0 $
190    66:2.0 184:2.0 188:2.0 $
191    65:1.0 43:2.0 $
192    1:2.0 23:2.0 $
193    189:1.0 23:2.0 $
194    47:2.0 197:2.0 $
195    1:1.0 75:1.0 $
196    4:1.0 1:1.0 $
197    47:2.0 194:2.0 $
198    2:1.0 41:1.0 $
199    0:4.0 12:4.0 $
200    0:2.0 208:2.0 $
201    24:1.0 0:2.0 $
202    0:2.0 3:2.0 $
203    0:2.0 64:2.0 $
204    71:2.0 7:5.0 $
205    2:3.0 10:3.0 $
206    5:2.0 $
207    7:3.0 166:3.0 $
208    0:2.0 200:2.0 $
209    7:2.0 217:2.0 $
210    211:1.0 7:2.0 $
211    210:1.0 7:2.0 $
212    7:1.0 71:2.0 $
213    1:3.0 $
214    1:3.0 $
215    2:6.0 19:7.0 $
216    69:7.0 2:8.0 $
217    7:2.0 209:2.0 $
218    2:3.0 219:6.0 $
219    2:3.0 218:6.0 $
220    16:1.0 2:2.0 $
221    16:2.0 227:2.0 $
222    2:1.0 16:2.0 $
223    46:2.0 228:2.0 $
224    1:2.0 $
225    1:2.0 $
226    1:2.0 $
227    16:2.0 221:2.0 $
228    46:2.0 223:2.0 $
229    7:1.0 46:1.0 $
230    1:1.0 $
231    0:2.0 $
232    0:1.0 $
233    92:8.0 $
234    92:3.0 $
235    63:2.0 $
236    2:2.0 $
237    $
)
